<!DOCTYPE HTML><html><head><title>Behave Test Report</title><meta content="text/html;charset=utf-8" http-equiv="content-type" /><style type="text/css"><!--
@charset "utf-8"; .passed{}.failed{}.error{}.skipped{}.undefined{}.summary{}.failed_scenarios{}.footer{}body{font-size:0;color:white;margin:0;padding:0}.behave,td,th{font:normal 11px "Lucida Grande",Helvetica,sans-serif;background:white;color:black}.behave #behave-header,td #behave-header,th #behave-header{background:#65c400;color:white;height:8em}.behave #behave-header #expand-collapse p,td #behave-header #expand-collapse p,th #behave-header #expand-collapse p{float:right;margin:0 0 0 10px}.behave .scenario h3,td .scenario h3,th .scenario h3,.background h3{font-size:11px;padding:3px;margin:0;background:#65c400;color:white;font-weight:bold}.background h3{font-size:1.2em;background:#666}.behave h1,td h1,th h1{margin:0 10px 0 10px;padding:10px;font-family:"Lucida Grande",Helvetica,sans-serif;font-size:2em;position:absolute}.behave h4,td h4,th h4{margin-bottom:2px}.behave div.feature,td div.feature,th div.feature{padding:2px;margin:0 10px 5px 10px}.behave div.examples,td div.examples,th div.examples{padding:0 0 0 1em}.behave .stats,td .stats,th .stats{margin:2em}.behave .summary ul.features li,td .summary ul.features li,th .summary ul.features li{display:inline}.behave .step_name,td .step_name,th .step_name{float:left}.behave .step_file,td .step_file,th .step_file{text-align:right;color:#999}.behave .step_file a,td .step_file a,th .step_file a{color:#999}.behave .scenario_file,td .scenario_file,th .scenario_file{float:right;color:#999}.behave .step_duration{padding-left:1em}.behave .tag,td .tag,th .tag{font-weight:bold;color:#246ac1}.behave .backtrace,td .backtrace,th .backtrace{margin-top:0;margin-bottom:0;margin-left:1em;color:black}.behave a,td a,th a{color:#be5c00;margin-right:.5em}.behave a:hover,td a:hover,th a:hover{text-decoration:none}.behave a:visited,td a:visited,th a:visited{font-weight:normal}.behave a div.examples,td a div.examples,th a div.examples{margin:5px 0 5px 15px;color:black}.behave .outline table,td .outline table,th .outline table{margin:0 0 5px 10px}.behave table,td table,th table{border-collapse:collapse}.behave table td,td table td,th table td{padding:3px 3px 3px 5px}.behave table td.failed,.behave table td.passed,.behave table td.skipped,.behave table td.pending,.behave table td.undefined,td table td.failed,td table td.passed,td table td.skipped,td table td.pending{padding-left:18px;padding-right:10px}.behave table td.failed,td table td.failed,th table td.failed{border-left:5px solid #c20000;border-bottom:1px solid #c20000;background:#fffbd3;color:#c20000}.behave table td.passed,td table td.passed,th table td.passed{border-left:5px solid #65c400;border-bottom:1px solid #65c400;background:#dbffb4;color:#3d7700}.behave table td.skipped,td table td.skipped,th table td.skipped{border-left:5px solid aqua;border-bottom:1px solid aqua;background:#e0ffff;color:#011}.behave table td.pending,td table td.pending,th table td.pending{border-left:5px solid #faf834;border-bottom:1px solid #faf834;background:#fcfb98;color:#131313}.behave table td.undefined,td table td.undefined,th table td.undefined{border-left:5px solid #faf834;border-bottom:1px solid #faf834;background:#fcfb98;color:#131313}.behave table td.message,td table td.message,th table td.message{border-left:5px solid aqua;border-bottom:1px solid aqua;background:#e0ffff;color:#011}.behave ol,td ol,th ol{list-style:none;margin:0;padding:0}.behave ol li.step,td ol li.step,th ol li.step{padding:3px 3px 3px 18px;margin:5px 0 5px 5px}.behave ol li,td ol li,th ol li{margin:0 0 0 1em;padding:0 0 0 .2em}.behave ol li span.param,td ol li span.param,th ol li span.param{font-weight:bold}.behave ol li.failed,td ol li.failed,th ol li.failed{border-left:5px solid #c20000;border-bottom:1px solid #c20000;background:#fffbd3;color:#c20000}.behave ol li.passed,td ol li.passed,th ol li.passed{border-left:5px solid #65c400;border-bottom:1px solid #65c400;background:#dbffb4;color:#3d7700}.behave ol li.skipped,td ol li.skipped,th ol li.skipped{border-left:5px solid aqua;border-bottom:1px solid aqua;background:#e0ffff;color:#011}.behave ol li.pending,td ol li.pending,th ol li.pending{border-left:5px solid #faf834;border-bottom:1px solid #faf834;background:#fcfb98;color:#131313}.behave ol li.undefined,td ol li.undefined,th ol li.undefined{border-left:5px solid #faf834;border-bottom:1px solid #faf834;background:#fcfb98;color:#131313}.behave ol li.message,td ol li.message,th ol li.message{border-left:5px solid aqua;border-bottom:1px solid aqua;background:#e0ffff;color:#011;margin-left:10px}.behave #summary,td #summary,th #summary{margin:0;padding:5px 10px;text-align:right;top:0;right:0;float:right}.behave #summary p,td #summary p,th #summary p{margin:0 0 0 2px}.behave #summary #totals,td #summary #totals,th #summary #totals{font-size:1.2em}.behave .scenario h3.failed,td .scenario h3.failed,th .scenario h3.failed,.background h3.failed{background:#c20000}.behave #behave-header.failed,td #behave-header.failed,th #behave-header.failed{background:#c20000}.behave .scenario h3.undefined,td .scenario h3.undefined,th .scenario h3.undefined,.background h3.undefined{background:#faf834;color:black}.behave #behave-header.undefined,td #behave-header.undefined,th #behave-header.undefined{background:#faf834;color:black}#behave-header.failed a{color:white}pre{white-space:pre-wrap}
--></style><script type="text/javascript"><!--
function Collapsible_toggle(id){var elem=document.getElementById(id);elem.style.display=(elem.style.display=='none'?'block':'none');return false;};function Collapsible_expandAll(className){var elems=document.getElementsByClassName(className);for(var i=0;i<elems.length;i++){elems[i].style.display='block';}};function Collapsible_collapseAll(className){var elems=document.getElementsByClassName(className);for(var i=0;i<elems.length;i++){elems[i].style.display='none';}};function Collapsible_expandAllFailed(){var elems=document.getElementsByClassName('failed');for(var i=0;i<elems.length;i++){var elem=elems[i];if(elem.nodeName=='H3'){elem.parentElement.getElementsByTagName('ol')[0].style.display='block';}}}
--></script></head><body><div class="behave"><div id="behave-header" class="failed"><div id="label"><h1>Behave Test Report</h1></div><div id="summary"><p id="totals"><p id="feature_totals">Features: passed: 1, failed: 1</p><p id="scenario_totals">Scenarios: passed: 4, failed: 6</p><p id="step_totals">Steps: untested: 6, passed: 20, failed: 6, skipped: 9</p></p><p id="duration">Finished in 48.2 seconds</p><div id="expand-collapse"><a id="expander" href="#" onclick="Collapsible_expandAll('scenario_steps')">Expand All</a><span> | </span><a id="collapser" href="#" onclick="Collapsible_collapseAll('scenario_steps')">Collapse All</a><span> | </span><a id="failed_expander" href="#" onclick="Collapsible_expandAllFailed()">Expand All Failed</a></div></div></div><div class="feature"><h2><span class="val">Feature: Check that the login button in the MockFlow website is working properly and i can access my account</span></h2><span /></div><div class="scenario"><span class="scenario_file">features/mockflow_login_button.feature:13</span><span class="tag">@T1, @negativeTesting</span><h3 onclick="Collapsible_toggle('scenario_0')"><span class="val">Scenario Outline: Trying to login with invalid password -- @1.1 </span></h3><ol class="scenario_steps" id="scenario_0"><li class="step passed"><div class="step_name"><span class="keyword">Given </span><span class="step val">I am on the MockFlow homepage and i want to initiate the login process with invalid password</span><small class="step_duration">(5.079s)</small></div><div class="step_file"><span>steps/login_button_steps.py:20</span></div><span class="embed" /></li><li class="step passed"><div class="step_name"><span class="keyword">When </span><span class="step val">I click on login Button</span><small class="step_duration">(1.063s)</small></div><div class="step_file"><span>steps/login_button_steps.py:25</span></div><span class="embed" /></li><li class="step passed"><div class="step_name"><span class="keyword">When </span><span class="step val">I enter my valid email</span><small class="step_duration">(1.060s)</small></div><div class="step_file"><span>steps/login_button_steps.py:30</span></div><span class="embed" /></li><li class="step passed"><div class="step_name"><span class="keyword">When </span><span class="step val"><span>I enter my invalid "</span><b>alabala</b><span>"</span></span><small class="step_duration">(1.068s)</small></div><div class="step_file"><span>steps/login_button_steps.py:35</span></div><span class="embed" /></li><li class="step passed"><div class="step_name"><span class="keyword">When </span><span class="step val">I click on Sign In</span><small class="step_duration">(1.385s)</small></div><div class="step_file"><span>steps/login_button_steps.py:40</span></div><span class="embed" /></li><li class="step passed"><div class="step_name"><span class="keyword">Then </span><span class="step val"><span>I receive an "</span><b>Authentication Failed</b><span>"</span></span><small class="step_duration">(1.005s)</small></div><div class="step_file"><span>steps/login_button_steps.py:45</span></div><span class="embed" /></li></ol><span /></div><div class="scenario"><span class="scenario_file">features/mockflow_login_button.feature:14</span><span class="tag">@T1, @negativeTesting</span><h3 onclick="Collapsible_toggle('scenario_1')"><span class="val">Scenario Outline: Trying to login with invalid password -- @1.2 </span></h3><ol class="scenario_steps" id="scenario_1"><li class="step passed"><div class="step_name"><span class="keyword">Given </span><span class="step val">I am on the MockFlow homepage and i want to initiate the login process with invalid password</span><small class="step_duration">(0.739s)</small></div><div class="step_file"><span>steps/login_button_steps.py:20</span></div><span class="embed" /></li><li class="step passed"><div class="step_name"><span class="keyword">When </span><span class="step val">I click on login Button</span><small class="step_duration">(1.060s)</small></div><div class="step_file"><span>steps/login_button_steps.py:25</span></div><span class="embed" /></li><li class="step passed"><div class="step_name"><span class="keyword">When </span><span class="step val">I enter my valid email</span><small class="step_duration">(1.053s)</small></div><div class="step_file"><span>steps/login_button_steps.py:30</span></div><span class="embed" /></li><li class="step passed"><div class="step_name"><span class="keyword">When </span><span class="step val"><span>I enter my invalid "</span><b>chin</b><span>"</span></span><small class="step_duration">(1.057s)</small></div><div class="step_file"><span>steps/login_button_steps.py:35</span></div><span class="embed" /></li><li class="step passed"><div class="step_name"><span class="keyword">When </span><span class="step val">I click on Sign In</span><small class="step_duration">(1.661s)</small></div><div class="step_file"><span>steps/login_button_steps.py:40</span></div><span class="embed" /></li><li class="step passed"><div class="step_name"><span class="keyword">Then </span><span class="step val"><span>I receive an "</span><b>Authentication Failed</b><span>"</span></span><small class="step_duration">(1.005s)</small></div><div class="step_file"><span>steps/login_button_steps.py:45</span></div><span class="embed" /></li></ol><span /></div><div class="scenario"><span class="scenario_file">features/mockflow_login_button.feature:15</span><span class="tag">@T1, @negativeTesting</span><h3 onclick="Collapsible_toggle('scenario_2')"><span class="val">Scenario Outline: Trying to login with invalid password -- @1.3 </span></h3><ol class="scenario_steps" id="scenario_2"><li class="step passed"><div class="step_name"><span class="keyword">Given </span><span class="step val">I am on the MockFlow homepage and i want to initiate the login process with invalid password</span><small class="step_duration">(0.532s)</small></div><div class="step_file"><span>steps/login_button_steps.py:20</span></div><span class="embed" /></li><li class="step passed"><div class="step_name"><span class="keyword">When </span><span class="step val">I click on login Button</span><small class="step_duration">(1.064s)</small></div><div class="step_file"><span>steps/login_button_steps.py:25</span></div><span class="embed" /></li><li class="step passed"><div class="step_name"><span class="keyword">When </span><span class="step val">I enter my valid email</span><small class="step_duration">(1.049s)</small></div><div class="step_file"><span>steps/login_button_steps.py:30</span></div><span class="embed" /></li><li class="step passed"><div class="step_name"><span class="keyword">When </span><span class="step val"><span>I enter my invalid "</span><b>greu</b><span>"</span></span><small class="step_duration">(1.056s)</small></div><div class="step_file"><span>steps/login_button_steps.py:35</span></div><span class="embed" /></li><li class="step passed"><div class="step_name"><span class="keyword">When </span><span class="step val">I click on Sign In</span><small class="step_duration">(1.375s)</small></div><div class="step_file"><span>steps/login_button_steps.py:40</span></div><span class="embed" /></li><li class="step passed"><div class="step_name"><span class="keyword">Then </span><span class="step val"><span>I receive an "</span><b>Authentication Failed</b><span>"</span></span><small class="step_duration">(1.004s)</small></div><div class="step_file"><span>steps/login_button_steps.py:45</span></div><span class="embed" /></li></ol><span /></div><div class="scenario"><span class="scenario_file">features/mockflow_login_button.feature:18</span><span class="tag">@T2, @positiveTesting</span><h3 onclick="Collapsible_toggle('scenario_3')"><span class="val">Scenario: Clicking on the login button</span></h3><ol class="scenario_steps" id="scenario_3"><li class="step passed"><div class="step_name"><span class="keyword">When </span><span class="step val">I click on login Button</span><small class="step_duration">(1.054s)</small></div><div class="step_file"><span>steps/login_button_steps.py:25</span></div><span class="embed" /></li><li class="step passed"><div class="step_name"><span class="keyword">When </span><span class="step val">I enter my valid email</span><small class="step_duration">(1.051s)</small></div><div class="step_file"><span>steps/login_button_steps.py:30</span></div><span class="embed" /></li><li class="step passed"><div class="step_name"><span class="keyword">When </span><span class="step val">I enter my valid password</span><small class="step_duration">(1.065s)</small></div><div class="step_file"><span>steps/login_button_steps.py:10</span></div><span class="embed" /></li><li class="step passed"><div class="step_name"><span class="keyword">When </span><span class="step val">I click on Sign In</span><small class="step_duration">(3.566s)</small></div><div class="step_file"><span>steps/login_button_steps.py:40</span></div><span class="embed" /></li><li class="step passed"><div class="step_name"><span class="keyword">Then </span><span class="step val">I am redirected to my account page</span><small class="step_duration">(1.007s)</small></div><div class="step_file"><span>steps/login_button_steps.py:15</span></div><span class="embed" /></li></ol><span /></div><div class="feature"><h2><span class="val">Feature: Check if i can create my first Workspace</span></h2><span /></div><div class="scenario"><span class="scenario_file">features/mockflow_mydashboard.feature:4</span><span class="tag">@T3, @positiveTesting</span><h3 onclick="Collapsible_toggle('scenario_4')"><span class="val">Scenario: I want to close the offer for Upgrade Now</span></h3><ol class="scenario_steps" id="scenario_4"><li class="step passed"><div class="step_name"><span class="keyword">When </span><span class="step val">I see the upgrade offer modal</span><small class="step_duration">(1.101s)</small></div><div class="step_file"><span>steps/my_dashboard_steps.py:13</span></div><span class="embed" /></li><li class="step passed"><div class="step_name"><span class="keyword">When </span><span class="step val">I click on x button</span><small class="step_duration">(1.046s)</small></div><div class="step_file"><span>steps/my_dashboard_steps.py:18</span></div><span class="embed" /></li><li class="step passed"><div class="step_name"><span class="keyword">Then </span><span class="step val">The offer doesn't appear anymore</span><small class="step_duration">(0.019s)</small></div><div class="step_file"><span>steps/my_dashboard_steps.py:23</span></div><span class="embed" /></li></ol><span /></div><div class="scenario"><span class="scenario_file">features/mockflow_mydashboard.feature:12</span><span class="tag">@T4, @positiveTesting</span><h3 onclick="Collapsible_toggle('scenario_5')"><span class="val">Scenario: I want to create my first Workspace</span></h3><ol class="scenario_steps" id="scenario_5"><li class="step passed"><div class="step_name"><span class="keyword">When </span><span class="step val">I click on add button</span><small class="step_duration">(1.061s)</small></div><div class="step_file"><span>steps/my_dashboard_steps.py:28</span></div><span class="embed" /></li><li class="step passed"><div class="step_name"><span class="keyword">When </span><span class="step val">I insert my workspace name</span><small class="step_duration">(1.043s)</small></div><div class="step_file"><span>steps/my_dashboard_steps.py:33</span></div><span class="embed" /></li><li class="step passed"><div class="step_name"><span class="keyword">When </span><span class="step val">I push the Create button</span><small class="step_duration">(1.060s)</small></div><div class="step_file"><span>steps/my_dashboard_steps.py:38</span></div><span class="embed" /></li><li class="step passed"><div class="step_name"><span class="keyword">Then </span><span class="step val">My new workspace is created</span><small class="step_duration">(0.049s)</small></div><div class="step_file"><span>steps/my_dashboard_steps.py:43</span></div><span class="embed" /></li></ol><span /></div><div class="scenario"><span class="scenario_file">features/mockflow_mydashboard.feature:20</span><span class="tag">@T5, @positiveTesting</span><h3 onclick="Collapsible_toggle('scenario_6')" class="failed"><span class="val">Scenario: I am in my new Workspace and i want to close the DesignSpace Tour</span></h3><ol class="scenario_steps" id="scenario_6"><li class="step failed"><div class="step_name"><span class="keyword">When </span><span class="step val">I see the DesignSpace tour overlay</span><small class="step_duration">(10.400s)</small></div><div class="step_file"><span>steps/my_dashboard_steps.py:48</span></div><span class="embed"><a onclick="Collapsible_toggle('embed_1')">Error Message</a><pre id="embed_1" style="display: none">Traceback (most recent call last):
  File "C:\Users\Lidia Popa\PycharmProjects\Examen\venv\Lib\site-packages\behave\model.py", line 1329, in run
    match.run(runner.context)
  File "C:\Users\Lidia Popa\PycharmProjects\Examen\venv\Lib\site-packages\behave\matchers.py", line 98, in run
    self.func(context, *args, **kwargs)
  File "steps\my_dashboard_steps.py", line 50, in step_impl
    context.my_dashboard.i_see_design_tour()
  File "C:\Users\Lidia Popa\PycharmProjects\Examen\pages\my_dashboard.py", line 112, in i_see_design_tour
    tour_1 = WebDriverWait(self.chrome, 10).until(EC.visibility_of_element_located(self.TOUR_DESIGN))
             ^^^^^^^^^^^^^^^^^^^^^^^^^^^^^^^^^^^^^^^^^^^^^^^^^^^^^^^^^^^^^^^^^^^^^^^^^^^^^^^^^^^^^^^^
  File "C:\Users\Lidia Popa\PycharmProjects\Examen\venv\Lib\site-packages\selenium\webdriver\support\wait.py", line 95, in until
    raise TimeoutException(message, screen, stacktrace)
selenium.common.exceptions.TimeoutException: Message: 

</pre>    </span></li></ol><span /></div><div class="scenario"><span class="scenario_file">features/mockflow_mydashboard.feature:27</span><span class="tag">@T6, @positiveTesting</span><h3 onclick="Collapsible_toggle('scenario_7')" class="failed"><span class="val">Scenario: I am in my new Workspace and i want to create my first Wireframe</span></h3><ol class="scenario_steps" id="scenario_7"><li class="step passed"><div class="step_name"><span class="keyword">When </span><span class="step val">I chose the UI drawing add icon</span><small class="step_duration">(0.013s)</small></div><div class="step_file"><span>steps/my_dashboard_steps.py:63</span></div><span class="embed" /></li><li class="step passed"><div class="step_name"><span class="keyword">When </span><span class="step val">I insert my Wireframe name</span><small class="step_duration">(0.043s)</small></div><div class="step_file"><span>steps/my_dashboard_steps.py:68</span></div><span class="embed" /></li><li class="step passed"><div class="step_name"><span class="keyword">When </span><span class="step val">I search for my desired UI pack and i select it</span><small class="step_duration">(0.051s)</small></div><div class="step_file"><span>steps/my_dashboard_steps.py:73</span></div><span class="embed" /></li><li class="step failed"><div class="step_name"><span class="keyword">Then </span><span class="step val">My Wireframe is created</span><small class="step_duration">(0.005s)</small></div><div class="step_file"><span>steps/my_dashboard_steps.py:78</span></div><span class="embed"><a onclick="Collapsible_toggle('embed_2')">Error Message</a><pre id="embed_2" style="display: none">Assertion Failed: the current url https://wireframepro.mockflow.com/ does not contain https://wireframepro.mockflow.com/editor.jsp?editor=on&amp;publicid= 
Captured stdout:
An error occurred while performing UI drawing: Message: no such element: Unable to locate element: {"method":"css selector","selector":"#mfSpaceThumbItem_mfuidrawing_new"}
  (Session info: chrome=114.0.5735.90)
Stacktrace:
Backtrace:
	GetHandleVerifier [0x0035A813+48355]
	(No symbol) [0x002EC4B1]
	(No symbol) [0x001F5358]
	(No symbol) [0x002209A5]
	(No symbol) [0x00220B3B]
	(No symbol) [0x0024E232]
	(No symbol) [0x0023A784]
	(No symbol) [0x0024C922]
	(No symbol) [0x0023A536]
	(No symbol) [0x002182DC]
	(No symbol) [0x002193DD]
	GetHandleVerifier [0x005BAABD+2539405]
	GetHandleVerifier [0x005FA78F+2800735]
	GetHandleVerifier [0x005F456C+2775612]
	GetHandleVerifier [0x003E51E0+616112]
	(No symbol) [0x002F5F8C]
	(No symbol) [0x002F2328]
	(No symbol) [0x002F240B]
	(No symbol) [0x002E4FF7]
	BaseThreadInitThunk [0x76107D59+25]
	RtlInitializeExceptionChain [0x76FCB74B+107]
	RtlClearBits [0x76FCB6CF+191]

An error occurred while setting the wireframe name: Message: element not interactable
  (Session info: chrome=114.0.5735.90)
Stacktrace:
Backtrace:
	GetHandleVerifier [0x0035A813+48355]
	(No symbol) [0x002EC4B1]
	(No symbol) [0x001F5220]
	(No symbol) [0x0021D046]
	(No symbol) [0x0021C8B1]
	(No symbol) [0x0023A73C]
	(No symbol) [0x00219A36]
	(No symbol) [0x0023AA94]
	(No symbol) [0x0024C922]
	(No symbol) [0x0023A536]
	(No symbol) [0x002182DC]
	(No symbol) [0x002193DD]
	GetHandleVerifier [0x005BAABD+2539405]
	GetHandleVerifier [0x005FA78F+2800735]
	GetHandleVerifier [0x005F456C+2775612]
	GetHandleVerifier [0x003E51E0+616112]
	(No symbol) [0x002F5F8C]
	(No symbol) [0x002F2328]
	(No symbol) [0x002F240B]
	(No symbol) [0x002E4FF7]
	BaseThreadInitThunk [0x76107D59+25]
	RtlInitializeExceptionChain [0x76FCB74B+107]
	RtlClearBits [0x76FCB6CF+191]

An error occurred while selecting the UI pack: Message: element not interactable
  (Session info: chrome=114.0.5735.90)
Stacktrace:
Backtrace:
	GetHandleVerifier [0x0035A813+48355]
	(No symbol) [0x002EC4B1]
	(No symbol) [0x001F5220]
	(No symbol) [0x0021D046]
	(No symbol) [0x0021C8B1]
	(No symbol) [0x0023A73C]
	(No symbol) [0x00219A36]
	(No symbol) [0x0023AA94]
	(No symbol) [0x0024C922]
	(No symbol) [0x0023A536]
	(No symbol) [0x002182DC]
	(No symbol) [0x002193DD]
	GetHandleVerifier [0x005BAABD+2539405]
	GetHandleVerifier [0x005FA78F+2800735]
	GetHandleVerifier [0x005F456C+2775612]
	GetHandleVerifier [0x003E51E0+616112]
	(No symbol) [0x002F5F8C]
	(No symbol) [0x002F2328]
	(No symbol) [0x002F240B]
	(No symbol) [0x002E4FF7]
	BaseThreadInitThunk [0x76107D59+25]
	RtlInitializeExceptionChain [0x76FCB74B+107]
	RtlClearBits [0x76FCB6CF+191]</pre>    </span></li></ol><span /></div><div class="scenario"><span class="scenario_file">features/mockflow_mydashboard.feature:34</span><span class="tag">@T7, @positiveTesting</span><h3 onclick="Collapsible_toggle('scenario_8')" class="failed"><span class="val">Scenario: I am on my Wireframe and i want to add a template from store</span></h3><ol class="scenario_steps" id="scenario_8"><li class="step failed"><div class="step_name"><span class="keyword">When </span><span class="step val">From navigation bar i click on store icon</span><small class="step_duration">(0.013s)</small></div><div class="step_file"><span>steps/my_dashboard_steps.py:83</span></div><span class="embed"><a onclick="Collapsible_toggle('embed_3')">Error Message</a><pre id="embed_3" style="display: none">Traceback (most recent call last):
  File "C:\Users\Lidia Popa\PycharmProjects\Examen\venv\Lib\site-packages\behave\model.py", line 1329, in run
    match.run(runner.context)
  File "C:\Users\Lidia Popa\PycharmProjects\Examen\venv\Lib\site-packages\behave\matchers.py", line 98, in run
    self.func(context, *args, **kwargs)
  File "steps\my_dashboard_steps.py", line 85, in step_impl
    context.my_dashboard.store_icon()
  File "C:\Users\Lidia Popa\PycharmProjects\Examen\pages\my_dashboard.py", line 167, in store_icon
    nav_bar = self.chrome.find_element(*self.NAV_BAR)
              ^^^^^^^^^^^^^^^^^^^^^^^^^^^^^^^^^^^^^^^
  File "C:\Users\Lidia Popa\PycharmProjects\Examen\venv\Lib\site-packages\selenium\webdriver\remote\webdriver.py", line 831, in find_element
    return self.execute(Command.FIND_ELEMENT, {"using": by, "value": value})["value"]
           ^^^^^^^^^^^^^^^^^^^^^^^^^^^^^^^^^^^^^^^^^^^^^^^^^^^^^^^^^^^^^^^^^
  File "C:\Users\Lidia Popa\PycharmProjects\Examen\venv\Lib\site-packages\selenium\webdriver\remote\webdriver.py", line 440, in execute
    self.error_handler.check_response(response)
  File "C:\Users\Lidia Popa\PycharmProjects\Examen\venv\Lib\site-packages\selenium\webdriver\remote\errorhandler.py", line 245, in check_response
    raise exception_class(message, screen, stacktrace)
selenium.common.exceptions.NoSuchElementException: Message: no such element: Unable to locate element: {"method":"css selector","selector":"[id="mfNavStoreBtn"]"}
  (Session info: chrome=114.0.5735.90)
Stacktrace:
Backtrace:
	GetHandleVerifier [0x0035A813+48355]
	(No symbol) [0x002EC4B1]
	(No symbol) [0x001F5358]
	(No symbol) [0x002209A5]
	(No symbol) [0x00220B3B]
	(No symbol) [0x0024E232]
	(No symbol) [0x0023A784]
	(No symbol) [0x0024C922]
	(No symbol) [0x0023A536]
	(No symbol) [0x002182DC]
	(No symbol) [0x002193DD]
	GetHandleVerifier [0x005BAABD+2539405]
	GetHandleVerifier [0x005FA78F+2800735]
	GetHandleVerifier [0x005F456C+2775612]
	GetHandleVerifier [0x003E51E0+616112]
	(No symbol) [0x002F5F8C]
	(No symbol) [0x002F2328]
	(No symbol) [0x002F240B]
	(No symbol) [0x002E4FF7]
	BaseThreadInitThunk [0x76107D59+25]
	RtlInitializeExceptionChain [0x76FCB74B+107]
	RtlClearBits [0x76FCB6CF+191]

</pre>    </span></li></ol><span /></div><div class="scenario"><span class="scenario_file">features/mockflow_mydashboard.feature:42</span><span class="tag">@T8, @positiveTesting</span><h3 onclick="Collapsible_toggle('scenario_9')" class="failed"><span class="val">Scenario: I am in my new Workspace and i want to rename my Wireframe</span></h3><ol class="scenario_steps" id="scenario_9"><li class="step failed"><div class="step_name"><span class="keyword">When </span><span class="step val">I select from space settings the option Rename</span><small class="step_duration">(0.034s)</small></div><div class="step_file"><span>steps/my_dashboard_steps.py:103</span></div><span class="embed"><a onclick="Collapsible_toggle('embed_4')">Error Message</a><pre id="embed_4" style="display: none">Traceback (most recent call last):
  File "C:\Users\Lidia Popa\PycharmProjects\Examen\venv\Lib\site-packages\behave\model.py", line 1329, in run
    match.run(runner.context)
  File "C:\Users\Lidia Popa\PycharmProjects\Examen\venv\Lib\site-packages\behave\matchers.py", line 98, in run
    self.func(context, *args, **kwargs)
  File "steps\my_dashboard_steps.py", line 105, in step_impl
    context.my_dashboard.settings_in_wireframe()
  File "C:\Users\Lidia Popa\PycharmProjects\Examen\pages\my_dashboard.py", line 212, in settings_in_wireframe
    space_settings.click()
  File "C:\Users\Lidia Popa\PycharmProjects\Examen\venv\Lib\site-packages\selenium\webdriver\remote\webelement.py", line 94, in click
    self._execute(Command.CLICK_ELEMENT)
  File "C:\Users\Lidia Popa\PycharmProjects\Examen\venv\Lib\site-packages\selenium\webdriver\remote\webelement.py", line 403, in _execute
    return self._parent.execute(command, params)
           ^^^^^^^^^^^^^^^^^^^^^^^^^^^^^^^^^^^^^
  File "C:\Users\Lidia Popa\PycharmProjects\Examen\venv\Lib\site-packages\selenium\webdriver\remote\webdriver.py", line 440, in execute
    self.error_handler.check_response(response)
  File "C:\Users\Lidia Popa\PycharmProjects\Examen\venv\Lib\site-packages\selenium\webdriver\remote\errorhandler.py", line 245, in check_response
    raise exception_class(message, screen, stacktrace)
selenium.common.exceptions.ElementNotInteractableException: Message: element not interactable
  (Session info: chrome=114.0.5735.90)
Stacktrace:
Backtrace:
	GetHandleVerifier [0x0035A813+48355]
	(No symbol) [0x002EC4B1]
	(No symbol) [0x001F5220]
	(No symbol) [0x00221846]
	(No symbol) [0x00219F5C]
	(No symbol) [0x0023A73C]
	(No symbol) [0x00219A36]
	(No symbol) [0x0023AA94]
	(No symbol) [0x0024C922]
	(No symbol) [0x0023A536]
	(No symbol) [0x002182DC]
	(No symbol) [0x002193DD]
	GetHandleVerifier [0x005BAABD+2539405]
	GetHandleVerifier [0x005FA78F+2800735]
	GetHandleVerifier [0x005F456C+2775612]
	GetHandleVerifier [0x003E51E0+616112]
	(No symbol) [0x002F5F8C]
	(No symbol) [0x002F2328]
	(No symbol) [0x002F240B]
	(No symbol) [0x002E4FF7]
	BaseThreadInitThunk [0x76107D59+25]
	RtlInitializeExceptionChain [0x76FCB74B+107]
	RtlClearBits [0x76FCB6CF+191]

</pre>    </span></li></ol><span /></div><div class="scenario"><span class="scenario_file">features/mockflow_mydashboard.feature:49</span><span class="tag">@T9, @positiveTesting</span><h3 onclick="Collapsible_toggle('scenario_10')" class="failed"><span class="val">Scenario: I am on my Workspace and i want view my Space analytics</span></h3><ol class="scenario_steps" id="scenario_10"><li class="step passed"><div class="step_name"><span class="keyword">When </span><span class="step val">I click my Space analytic button</span><small class="step_duration">(0.027s)</small></div><div class="step_file"><span>steps/my_dashboard_steps.py:123</span></div><span class="embed" /></li><li class="step passed"><div class="step_name"><span class="keyword">When </span><span class="step val">I receive the message that my Workspace must be upgraded to have access to Space analytics</span><small class="step_duration">(0.020s)</small></div><div class="step_file"><span>steps/my_dashboard_steps.py:128</span></div><span class="embed" /></li><li class="step passed"><div class="step_name"><span class="keyword">When </span><span class="step val">I click back button</span><small class="step_duration">(0.025s)</small></div><div class="step_file"><span>steps/my_dashboard_steps.py:133</span></div><span class="embed" /></li><li class="step failed"><div class="step_name"><span class="keyword">Then </span><span class="step val">I am back in my Workspace space</span><small class="step_duration">(0.004s)</small></div><div class="step_file"><span>steps/my_dashboard_steps.py:138</span></div><span class="embed"><a onclick="Collapsible_toggle('embed_5')">Error Message</a><pre id="embed_5" style="display: none">Assertion Failed: the current url https://wireframepro.mockflow.com/ does not contain https://wireframepro.mockflow.com/#/space/ 
Captured stdout:
An error occurred while i click the space analytics: Message: element not interactable
  (Session info: chrome=114.0.5735.90)
Stacktrace:
Backtrace:
	GetHandleVerifier [0x0035A813+48355]
	(No symbol) [0x002EC4B1]
	(No symbol) [0x001F5220]
	(No symbol) [0x00221846]
	(No symbol) [0x00219F5C]
	(No symbol) [0x0023A73C]
	(No symbol) [0x00219A36]
	(No symbol) [0x0023AA94]
	(No symbol) [0x0024C922]
	(No symbol) [0x0023A536]
	(No symbol) [0x002182DC]
	(No symbol) [0x002193DD]
	GetHandleVerifier [0x005BAABD+2539405]
	GetHandleVerifier [0x005FA78F+2800735]
	GetHandleVerifier [0x005F456C+2775612]
	GetHandleVerifier [0x003E51E0+616112]
	(No symbol) [0x002F5F8C]
	(No symbol) [0x002F2328]
	(No symbol) [0x002F240B]
	(No symbol) [0x002E4FF7]
	BaseThreadInitThunk [0x76107D59+25]
	RtlInitializeExceptionChain [0x76FCB74B+107]
	RtlClearBits [0x76FCB6CF+191]

Message text is incorrect. Expected: 'Space analytics is available'. Actual: ''
Failed to click on the back button: Message: element not interactable
  (Session info: chrome=114.0.5735.90)
Stacktrace:
Backtrace:
	GetHandleVerifier [0x0035A813+48355]
	(No symbol) [0x002EC4B1]
	(No symbol) [0x001F5220]
	(No symbol) [0x00221846]
	(No symbol) [0x00219F5C]
	(No symbol) [0x0023A73C]
	(No symbol) [0x00219A36]
	(No symbol) [0x0023AA94]
	(No symbol) [0x0024C922]
	(No symbol) [0x0023A536]
	(No symbol) [0x002182DC]
	(No symbol) [0x002193DD]
	GetHandleVerifier [0x005BAABD+2539405]
	GetHandleVerifier [0x005FA78F+2800735]
	GetHandleVerifier [0x005F456C+2775612]
	GetHandleVerifier [0x003E51E0+616112]
	(No symbol) [0x002F5F8C]
	(No symbol) [0x002F2328]
	(No symbol) [0x002F240B]
	(No symbol) [0x002E4FF7]
	BaseThreadInitThunk [0x76107D59+25]
	RtlInitializeExceptionChain [0x76FCB74B+107]
	RtlClearBits [0x76FCB6CF+191]</pre>    </span></li></ol><span /></div><div class="scenario"><span class="scenario_file">features/mockflow_mydashboard.feature:57</span><span class="tag">@T10, @positiveTesting</span><h3 onclick="Collapsible_toggle('scenario_11')" class="failed"><span class="val">Scenario: I am on my Workspace and i want to go back to home page and log out</span></h3><ol class="scenario_steps" id="scenario_11"><li class="step passed"><div class="step_name"><span class="keyword">When </span><span class="step val">I am on my Workspace i click the back button</span><small class="step_duration">(0.022s)</small></div><div class="step_file"><span>steps/my_dashboard_steps.py:143</span></div><span class="embed" /></li><li class="step passed"><div class="step_name"><span class="keyword">When </span><span class="step val">I am on my home page</span><small class="step_duration">(0.004s)</small></div><div class="step_file"><span>steps/my_dashboard_steps.py:148</span></div><span class="embed" /></li><li class="step failed"><div class="step_name"><span class="keyword">When </span><span class="step val">I click settings and log out option</span><small class="step_duration">(1.056s)</small></div><div class="step_file"><span>steps/my_dashboard_steps.py:153</span></div><span class="embed"><a onclick="Collapsible_toggle('embed_6')">Error Message</a><pre id="embed_6" style="display: none">Traceback (most recent call last):
  File "C:\Users\Lidia Popa\PycharmProjects\Examen\venv\Lib\site-packages\behave\model.py", line 1329, in run
    match.run(runner.context)
  File "C:\Users\Lidia Popa\PycharmProjects\Examen\venv\Lib\site-packages\behave\matchers.py", line 98, in run
    self.func(context, *args, **kwargs)
  File "steps\my_dashboard_steps.py", line 155, in step_impl
    context.my_dashboard.settings_and_log_out()
  File "C:\Users\Lidia Popa\PycharmProjects\Examen\pages\my_dashboard.py", line 303, in settings_and_log_out
    settings.click()
  File "C:\Users\Lidia Popa\PycharmProjects\Examen\venv\Lib\site-packages\selenium\webdriver\remote\webelement.py", line 94, in click
    self._execute(Command.CLICK_ELEMENT)
  File "C:\Users\Lidia Popa\PycharmProjects\Examen\venv\Lib\site-packages\selenium\webdriver\remote\webelement.py", line 403, in _execute
    return self._parent.execute(command, params)
           ^^^^^^^^^^^^^^^^^^^^^^^^^^^^^^^^^^^^^
  File "C:\Users\Lidia Popa\PycharmProjects\Examen\venv\Lib\site-packages\selenium\webdriver\remote\webdriver.py", line 440, in execute
    self.error_handler.check_response(response)
  File "C:\Users\Lidia Popa\PycharmProjects\Examen\venv\Lib\site-packages\selenium\webdriver\remote\errorhandler.py", line 245, in check_response
    raise exception_class(message, screen, stacktrace)
selenium.common.exceptions.ElementClickInterceptedException: Message: element click intercepted: Element &lt;img class="nav-link mfDashProfileOwner mfProfileIcon mfDashAccSettings mfProfileIconLarge" id="mfAccountProfileImg" alt="" src="https://mockflow.com/userProfileImage.jsp?userName=6544a99a8de5a7eae2a3bbb02d55e305&amp;amp;imageSize=48&amp;amp;email=rapunzell2000@yahoo.com&amp;amp;timestamp=1686054362560"&gt; is not clickable at point (1430, 32). Other element would receive the click: &lt;div class="modal-content mfModalContent" style="
		    width: 100%;
		    height: 100%;
		    max-width: 100%;
		    max-height: 100%;
		    border-radius: 0px;
		    background-image: #f4f4f4;
	      "&gt;...&lt;/div&gt;
  (Session info: chrome=114.0.5735.90)
Stacktrace:
Backtrace:
	GetHandleVerifier [0x0035A813+48355]
	(No symbol) [0x002EC4B1]
	(No symbol) [0x001F5358]
	(No symbol) [0x00225062]
	(No symbol) [0x00223B98]
	(No symbol) [0x0022239B]
	(No symbol) [0x0022179E]
	(No symbol) [0x00219F5C]
	(No symbol) [0x0023A73C]
	(No symbol) [0x00219A36]
	(No symbol) [0x0023AA94]
	(No symbol) [0x0024C922]
	(No symbol) [0x0023A536]
	(No symbol) [0x002182DC]
	(No symbol) [0x002193DD]
	GetHandleVerifier [0x005BAABD+2539405]
	GetHandleVerifier [0x005FA78F+2800735]
	GetHandleVerifier [0x005F456C+2775612]
	GetHandleVerifier [0x003E51E0+616112]
	(No symbol) [0x002F5F8C]
	(No symbol) [0x002F2328]
	(No symbol) [0x002F240B]
	(No symbol) [0x002E4FF7]
	BaseThreadInitThunk [0x76107D59+25]
	RtlInitializeExceptionChain [0x76FCB74B+107]
	RtlClearBits [0x76FCB6CF+191]


Captured stdout:
Failed to click on the back button: Message: element not interactable
  (Session info: chrome=114.0.5735.90)
Stacktrace:
Backtrace:
	GetHandleVerifier [0x0035A813+48355]
	(No symbol) [0x002EC4B1]
	(No symbol) [0x001F5220]
	(No symbol) [0x00221846]
	(No symbol) [0x00219F5C]
	(No symbol) [0x0023A73C]
	(No symbol) [0x00219A36]
	(No symbol) [0x0023AA94]
	(No symbol) [0x0024C922]
	(No symbol) [0x0023A536]
	(No symbol) [0x002182DC]
	(No symbol) [0x002193DD]
	GetHandleVerifier [0x005BAABD+2539405]
	GetHandleVerifier [0x005FA78F+2800735]
	GetHandleVerifier [0x005F456C+2775612]
	GetHandleVerifier [0x003E51E0+616112]
	(No symbol) [0x002F5F8C]
	(No symbol) [0x002F2328]
	(No symbol) [0x002F240B]
	(No symbol) [0x002E4FF7]
	BaseThreadInitThunk [0x76107D59+25]
	RtlInitializeExceptionChain [0x76FCB74B+107]
	RtlClearBits [0x76FCB6CF+191]</pre>    </span></li></ol><span /></div></div></body></html>